<?xml version="1.0" encoding="UTF-8"?>
<testsuite name="powerpackage.PowerTest" tests="4" skipped="0" failures="0" errors="0" timestamp="2022-03-13T10:05:35" hostname="DESKTOP-GOE6KDM" time="0.067">
  <properties/>
  <testcase name="two_raised_to_one_is_two()" classname="powerpackage.PowerTest" time="0.054"/>
  <testcase name="one_raised_to_one_is_one()" classname="powerpackage.PowerTest" time="0.002"/>
  <testcase name="two_raised_to_two_is_four()" classname="powerpackage.PowerTest" time="0.003"/>
  <testcase name="three_raised_to_two_is_nine()" classname="powerpackage.PowerTest" time="0.003"/>
  <system-out><![CDATA[]]></system-out>
  <system-err><![CDATA[]]></system-err>
</testsuite>
